Determining if the pthread_create exist failed with the following output:
Change Dir: /home/ilan/101/robots/i214/catkin_ws/build/catkin_tools_prebuild/CMakeFiles/CMakeTmp

Run Build Command:"/usr/bin/make" "cmTC_0c00e/fast"
/usr/bin/make -f CMakeFiles/cmTC_0c00e.dir/build.make CMakeFiles/cmTC_0c00e.dir/build
make[1]: Entering directory '/home/ilan/101/robots/i214/catkin_ws/build/catkin_tools_prebuild/CMakeFiles/CMakeTmp'
Building C object CMakeFiles/cmTC_0c00e.dir/CheckSymbolExists.c.o
/usr/bin/cc    -o CMakeFiles/cmTC_0c00e.dir/CheckSymbolExists.c.o   -c /home/ilan/101/robots/i214/catkin_ws/build/catkin_tools_prebuild/CMakeFiles/CMakeTmp/CheckSymbolExists.c
Linking C executable cmTC_0c00e
/usr/bin/cmake -E cmake_link_script CMakeFiles/cmTC_0c00e.dir/link.txt --verbose=1
/usr/bin/cc      -rdynamic CMakeFiles/cmTC_0c00e.dir/CheckSymbolExists.c.o  -o cmTC_0c00e 
CMakeFiles/cmTC_0c00e.dir/CheckSymbolExists.c.o: In function `main':
CheckSymbolExists.c:(.text+0x1b): undefined reference to `pthread_create'
collect2: error: ld returned 1 exit status
CMakeFiles/cmTC_0c00e.dir/build.make:97: recipe for target 'cmTC_0c00e' failed
make[1]: *** [cmTC_0c00e] Error 1
make[1]: Leaving directory '/home/ilan/101/robots/i214/catkin_ws/build/catkin_tools_prebuild/CMakeFiles/CMakeTmp'
Makefile:126: recipe for target 'cmTC_0c00e/fast' failed
make: *** [cmTC_0c00e/fast] Error 2

File /home/ilan/101/robots/i214/catkin_ws/build/catkin_tools_prebuild/CMakeFiles/CMakeTmp/CheckSymbolExists.c:
/* */
#include <pthread.h>

int main(int argc, char** argv)
{
  (void)argv;
#ifndef pthread_create
  return ((int*)(&pthread_create))[argc];
#else
  (void)argc;
  return 0;
#endif
}

Determining if the function pthread_create exists in the pthreads failed with the following output:
Change Dir: /home/ilan/101/robots/i214/catkin_ws/build/catkin_tools_prebuild/CMakeFiles/CMakeTmp

Run Build Command:"/usr/bin/make" "cmTC_620b3/fast"
/usr/bin/make -f CMakeFiles/cmTC_620b3.dir/build.make CMakeFiles/cmTC_620b3.dir/build
make[1]: Entering directory '/home/ilan/101/robots/i214/catkin_ws/build/catkin_tools_prebuild/CMakeFiles/CMakeTmp'
Building C object CMakeFiles/cmTC_620b3.dir/CheckFunctionExists.c.o
/usr/bin/cc   -DCHECK_FUNCTION_EXISTS=pthread_create   -o CMakeFiles/cmTC_620b3.dir/CheckFunctionExists.c.o   -c /usr/share/cmake-3.10/Modules/CheckFunctionExists.c
Linking C executable cmTC_620b3
/usr/bin/cmake -E cmake_link_script CMakeFiles/cmTC_620b3.dir/link.txt --verbose=1
/usr/bin/cc  -DCHECK_FUNCTION_EXISTS=pthread_create    -rdynamic CMakeFiles/cmTC_620b3.dir/CheckFunctionExists.c.o  -o cmTC_620b3 -lpthreads 
/usr/bin/ld: cannot find -lpthreads
collect2: error: ld returned 1 exit status
CMakeFiles/cmTC_620b3.dir/build.make:97: recipe for target 'cmTC_620b3' failed
make[1]: *** [cmTC_620b3] Error 1
make[1]: Leaving directory '/home/ilan/101/robots/i214/catkin_ws/build/catkin_tools_prebuild/CMakeFiles/CMakeTmp'
Makefile:126: recipe for target 'cmTC_620b3/fast' failed
make: *** [cmTC_620b3/fast] Error 2


